0 info it worked if it ends with ok
1 verbose cli [ 'C:\\Program Files\\nodejs\\\\node.exe',
1 verbose cli   'C:\\Program Files\\nodejs\\node_modules\\npm\\bin\\npm-cli.js',
1 verbose cli   'install',
1 verbose cli   'mangoose' ]
2 info using npm@1.4.28
3 info using node@v0.10.32
4 verbose node symlink C:\Program Files\nodejs\\node.exe
5 warn package.json mean-demo@0.0.1 No description
6 warn package.json mean-demo@0.0.1 No repository field.
7 warn package.json mean-demo@0.0.1 No README data
8 verbose readDependencies using package.json deps
9 verbose cache add [ 'mangoose', null ]
10 verbose cache add name=undefined spec="mangoose" args=["mangoose",null]
11 verbose parsed url { protocol: null,
11 verbose parsed url   slashes: null,
11 verbose parsed url   auth: null,
11 verbose parsed url   host: null,
11 verbose parsed url   port: null,
11 verbose parsed url   hostname: null,
11 verbose parsed url   hash: null,
11 verbose parsed url   search: null,
11 verbose parsed url   query: null,
11 verbose parsed url   pathname: 'mangoose',
11 verbose parsed url   path: 'mangoose',
11 verbose parsed url   href: 'mangoose' }
12 silly lockFile 2a58770c-mangoose mangoose
13 verbose lock mangoose C:\Users\Shivateja\AppData\Roaming\npm-cache\2a58770c-mangoose.lock
14 silly lockFile 2a58770c-mangoose mangoose
15 silly lockFile 2a58770c-mangoose mangoose
16 verbose addNamed [ 'mangoose', '' ]
17 verbose addNamed [ null, '*' ]
18 silly lockFile 68faba89-mangoose mangoose@
19 verbose lock mangoose@ C:\Users\Shivateja\AppData\Roaming\npm-cache\68faba89-mangoose.lock
20 silly addNameRange { name: 'mangoose', range: '*', hasData: false }
21 verbose request where is /mangoose
22 verbose request registry http://registry.npmjs.org/
23 verbose request id 88d0a9bd5168bf7a
24 verbose url raw /mangoose
25 verbose url resolving [ 'http://registry.npmjs.org/', './mangoose' ]
26 verbose url resolved http://registry.npmjs.org/mangoose
27 verbose request where is http://registry.npmjs.org/mangoose
28 info trying registry request attempt 1 at 16:14:29
29 http GET http://registry.npmjs.org/mangoose
30 http 404 http://registry.npmjs.org/mangoose
31 verbose headers { server: 'CouchDB/1.5.0 (Erlang OTP/R16B03)',
31 verbose headers   'content-type': 'application/json',
31 verbose headers   'cache-control': 'max-age=0',
31 verbose headers   'content-length': '52',
31 verbose headers   'accept-ranges': 'bytes',
31 verbose headers   date: 'Sun, 08 Mar 2015 00:14:29 GMT',
31 verbose headers   via: '1.1 varnish',
31 verbose headers   age: '0',
31 verbose headers   'x-served-by': 'cache-sjc3128-SJC',
31 verbose headers   'x-cache': 'MISS',
31 verbose headers   'x-cache-hits': '0',
31 verbose headers   'x-timer': 'S1425773669.469518,VS0,VE147' }
32 silly registry.get cb [ 404,
32 silly registry.get   { server: 'CouchDB/1.5.0 (Erlang OTP/R16B03)',
32 silly registry.get     'content-type': 'application/json',
32 silly registry.get     'cache-control': 'max-age=0',
32 silly registry.get     'content-length': '52',
32 silly registry.get     'accept-ranges': 'bytes',
32 silly registry.get     date: 'Sun, 08 Mar 2015 00:14:29 GMT',
32 silly registry.get     via: '1.1 varnish',
32 silly registry.get     age: '0',
32 silly registry.get     'x-served-by': 'cache-sjc3128-SJC',
32 silly registry.get     'x-cache': 'MISS',
32 silly registry.get     'x-cache-hits': '0',
32 silly registry.get     'x-timer': 'S1425773669.469518,VS0,VE147' } ]
33 silly lockFile 68faba89-mangoose mangoose@
34 silly lockFile 68faba89-mangoose mangoose@
35 error 404 404 Not Found: mangoose
35 error 404
35 error 404 'mangoose' is not in the npm registry.
35 error 404 You should bug the author to publish it
35 error 404 It was specified as a dependency of 'mean-demo'
35 error 404
35 error 404 Note that you can also install from a
35 error 404 tarball, folder, or http url, or git url.
36 error System Windows_NT 6.2.9200
37 error command "C:\\Program Files\\nodejs\\\\node.exe" "C:\\Program Files\\nodejs\\node_modules\\npm\\bin\\npm-cli.js" "install" "mangoose"
38 error cwd D:\MONGO\MEAN Practice
39 error node -v v0.10.32
40 error npm -v 1.4.28
41 error code E404
42 verbose exit [ 1, true ]
